2026-04-09T16:13:06.489802Z  INFO konveyor: semver_analyzer_konveyor_core: Loaded rename patterns count=0 path=/Users/jmatthews/synced/semver-analyzer/hack/integration/patternfly-token-mappings.yaml
2026-04-09T16:13:06.489885Z  INFO konveyor: semver_analyzer_konveyor_core: Loaded token mappings count=226
2026-04-09T16:13:06.489901Z  INFO konveyor: semver_analyzer_konveyor_core: Loaded CSS variable renames count=226
2026-04-09T16:13:06.489916Z  INFO konveyor: semver_analyzer: loading report from file path=/tmp/semver-pipeline-v2/analysis/patternfly-report.json
2026-04-09T16:13:06.972865Z DEBUG konveyor: semver_analyzer_ts::konveyor: Package info cache built entries=["eslint-plugin-patternfly-react: eslint-plugin-patternfly-react (6.4.0)", "react-docs: @patternfly/react-docs (7.4.1)", "react-integration: @patternfly/react-integration (6.0.0-prerelease.40)", "react-styles: @patternfly/react-styles (6.4.0)", "transformer-cjs-imports: transformer-cjs-imports (4.79.4-prerelease.2)", "transformer-react-styles-esm-imports: transformer-react-styles-esm-imports (1.0.1-prerelease.4)", "react-tokens: @patternfly/react-tokens (6.4.0)", "react-drag-drop: @patternfly/react-drag-drop (6.4.1)", "react-charts: @patternfly/react-charts (8.4.1)", "react-core: @patternfly/react-core (6.4.1)", "react-code-editor: @patternfly/react-code-editor (6.4.1)", "react-icons: @patternfly/react-icons (6.4.0)", "react-table: @patternfly/react-table (6.4.1)", "react-templates: @patternfly/react-templates (6.4.1)"]
2026-04-09T16:13:07.251288Z  INFO konveyor: semver_analyzer: token member analysis covered=4922 renames=1083
2026-04-09T16:13:07.258953Z DEBUG konveyor: semver_analyzer_ts::konveyor: P0-C coverage computed components=90 covered_props=244
2026-04-09T16:13:07.263817Z DEBUG konveyor: semver_analyzer_ts::konveyor: Collapsed constant rules into single rule count=30 change_type=removed strategy=ConstantGroup package=@patternfly/react-core rule_id=semver-patternfly-react-core-constant-removed-constantgroup-combined
2026-04-09T16:13:07.265006Z DEBUG konveyor: semver_analyzer_ts::konveyor: Collapsed constant rules into single rule count=1747 change_type=type-changed strategy=ConstantGroup package=@patternfly/react-icons rule_id=semver-patternfly-react-icons-constant-type-changed-constantgroup-combined
2026-04-09T16:13:07.284009Z DEBUG konveyor: semver_analyzer_ts::konveyor: Built per-token Rename mappings for constantgroup mappings=3961 symbols=3961
2026-04-09T16:13:07.284055Z DEBUG konveyor: semver_analyzer_ts::konveyor: Collapsed constant rules into single rule count=3961 change_type=renamed strategy=CssVariablePrefix package=@patternfly/react-tokens rule_id=semver-patternfly-react-tokens-constant-renamed-cssvariableprefix-combined
2026-04-09T16:13:07.290867Z DEBUG konveyor: semver_analyzer_ts::konveyor: Excluded constants with token_mappings from collapsed group (will get individual Rename rules) excluded=344 remaining=6681 package=@patternfly/react-tokens
2026-04-09T16:13:07.296072Z DEBUG konveyor: semver_analyzer_ts::konveyor: Collapsed constant rules into single rule count=7025 change_type=removed strategy=CssVariablePrefix package=@patternfly/react-tokens rule_id=semver-patternfly-react-tokens-constant-removed-cssvariableprefix-combined
2026-04-09T16:13:07.301157Z DEBUG konveyor: semver_analyzer_ts::konveyor: Collapsed constant rules into single rule count=2021 change_type=type-changed strategy=CssVariablePrefix package=@patternfly/react-tokens rule_id=semver-patternfly-react-tokens-constant-type-changed-cssvariableprefix-combined
2026-04-09T16:13:08.979186Z  INFO konveyor: semver_analyzer_ts::konveyor: Generating CSS variable rename rules from explicit mappings count=226
2026-04-09T16:13:08.980517Z DEBUG konveyor: semver_analyzer_ts::konveyor: Generating combined CSS logical property rule suffix_rename_count=24
2026-04-09T16:13:08.980596Z DEBUG konveyor: semver_analyzer_ts::konveyor: Skipping optional new-sibling rule (no absorbed props, not composition-required) new_component=FileUploadHelperText parent=FileUpload
2026-04-09T16:13:08.980614Z DEBUG konveyor: semver_analyzer_ts::konveyor: Skipping optional new-sibling rule (no absorbed props, not composition-required) new_component=FormGroupLabelHelp parent=FormGroup
2026-04-09T16:13:08.980639Z DEBUG konveyor: semver_analyzer_ts::konveyor: Skipping optional new-sibling rule (no absorbed props, not composition-required) new_component=MastheadLogo parent=Masthead
2026-04-09T16:13:08.980655Z DEBUG konveyor: semver_analyzer_ts::konveyor: Skipping optional new-sibling rule (no absorbed props, not composition-required) new_component=PageBody parent=Page
2026-04-09T16:13:08.987681Z  INFO konveyor: semver_analyzer: rule consolidation raw=973 consolidated=662
2026-04-09T16:13:08.999835Z DEBUG konveyor: semver_analyzer_ts::konveyor: Generated dependency update rules count=13 packages=@patternfly/react-drag-drop, @patternfly/react-templates, @patternfly/patternfly, @patternfly/react-code-editor, eslint-plugin-patternfly-react, @patternfly/react-charts, @patternfly/react-docs, @patternfly/react-core, @patternfly/react-table, @patternfly/react-tokens, @patternfly/react-icons, @patternfly/react-styles, @patternfly/react-integration
2026-04-09T16:13:09.362407Z  INFO konveyor: semver_analyzer: suppressed v1 rules covered by v2 SD prop→child/composition rules suppressed=1
2026-04-09T16:13:09.721877Z  INFO konveyor: semver_analyzer: konveyor generation complete rule_count=911 auto_fixable=621 needs_review=0 manual_only=290
