2026-04-10T13:09:27.683543Z  INFO konveyor: semver_analyzer_konveyor_core: Loaded rename patterns count=0 path=/Users/jmatthews/synced/semver-analyzer/hack/integration/patternfly-token-mappings.yaml
2026-04-10T13:09:27.683622Z  INFO konveyor: semver_analyzer_konveyor_core: Loaded token mappings count=226
2026-04-10T13:09:27.683632Z  INFO konveyor: semver_analyzer_konveyor_core: Loaded CSS variable renames count=226
2026-04-10T13:09:27.683644Z  INFO konveyor: semver_analyzer: loading report from file path=/tmp/semver-pipeline-v2/analysis/patternfly-report.json
2026-04-10T13:09:28.095559Z DEBUG konveyor: semver_analyzer_ts::konveyor: Package info cache built entries=["react-code-editor: @patternfly/react-code-editor (6.4.1)", "react-integration: @patternfly/react-integration (6.0.0-prerelease.40)", "react-styles: @patternfly/react-styles (6.4.0)", "react-templates: @patternfly/react-templates (6.4.1)", "react-tokens: @patternfly/react-tokens (6.4.0)", "react-icons: @patternfly/react-icons (6.4.0)", "transformer-cjs-imports: transformer-cjs-imports (4.79.4-prerelease.2)", "transformer-react-styles-esm-imports: transformer-react-styles-esm-imports (1.0.1-prerelease.4)", "react-drag-drop: @patternfly/react-drag-drop (6.4.1)", "eslint-plugin-patternfly-react: eslint-plugin-patternfly-react (6.4.0)", "react-charts: @patternfly/react-charts (8.4.1)", "react-core: @patternfly/react-core (6.4.1)", "react-table: @patternfly/react-table (6.4.1)", "react-docs: @patternfly/react-docs (7.4.1)"]
2026-04-10T13:09:28.297106Z  INFO konveyor: semver_analyzer: token member analysis covered=4922 renames=1083
2026-04-10T13:09:28.302571Z DEBUG konveyor: semver_analyzer_ts::konveyor: P0-C coverage computed components=90 covered_props=244
2026-04-10T13:09:28.305697Z DEBUG konveyor: semver_analyzer_ts::konveyor: Collapsed constant rules into single rule count=30 change_type=removed strategy=ConstantGroup package=@patternfly/react-core rule_id=semver-patternfly-react-core-constant-removed-constantgroup-combined
2026-04-10T13:09:28.306640Z DEBUG konveyor: semver_analyzer_ts::konveyor: Collapsed constant rules into single rule count=1747 change_type=type-changed strategy=ConstantGroup package=@patternfly/react-icons rule_id=semver-patternfly-react-icons-constant-type-changed-constantgroup-combined
2026-04-10T13:09:28.309328Z DEBUG konveyor: semver_analyzer_ts::konveyor: Excluded constants with token_mappings from collapsed group (will get individual Rename rules) excluded=343 remaining=6682 package=@patternfly/react-tokens
2026-04-10T13:09:28.313648Z DEBUG konveyor: semver_analyzer_ts::konveyor: Collapsed constant rules into single rule count=7025 change_type=removed strategy=CssVariablePrefix package=@patternfly/react-tokens rule_id=semver-patternfly-react-tokens-constant-removed-cssvariableprefix-combined
2026-04-10T13:09:28.330616Z DEBUG konveyor: semver_analyzer_ts::konveyor: Built per-token Rename mappings for constantgroup mappings=3961 symbols=3961
2026-04-10T13:09:28.330625Z DEBUG konveyor: semver_analyzer_ts::konveyor: Collapsed constant rules into single rule count=3961 change_type=renamed strategy=CssVariablePrefix package=@patternfly/react-tokens rule_id=semver-patternfly-react-tokens-constant-renamed-cssvariableprefix-combined
2026-04-10T13:09:28.333705Z DEBUG konveyor: semver_analyzer_ts::konveyor: Collapsed constant rules into single rule count=2021 change_type=type-changed strategy=CssVariablePrefix package=@patternfly/react-tokens rule_id=semver-patternfly-react-tokens-constant-type-changed-cssvariableprefix-combined
2026-04-10T13:09:29.545130Z  INFO konveyor: semver_analyzer_ts::konveyor: Generating CSS variable rename rules from explicit mappings count=226
2026-04-10T13:09:29.546099Z DEBUG konveyor: semver_analyzer_ts::konveyor: Generating combined CSS logical property rule suffix_rename_count=24
2026-04-10T13:09:29.546157Z DEBUG konveyor: semver_analyzer_ts::konveyor: Skipping optional new-sibling rule (no absorbed props, not composition-required) new_component=FileUploadHelperText parent=FileUpload
2026-04-10T13:09:29.546169Z DEBUG konveyor: semver_analyzer_ts::konveyor: Skipping optional new-sibling rule (no absorbed props, not composition-required) new_component=FormGroupLabelHelp parent=FormGroup
2026-04-10T13:09:29.546193Z DEBUG konveyor: semver_analyzer_ts::konveyor: Skipping optional new-sibling rule (no absorbed props, not composition-required) new_component=MastheadLogo parent=Masthead
2026-04-10T13:09:29.546202Z DEBUG konveyor: semver_analyzer_ts::konveyor: Skipping optional new-sibling rule (no absorbed props, not composition-required) new_component=PageBody parent=Page
2026-04-10T13:09:29.551552Z  INFO konveyor: semver_analyzer: rule consolidation raw=972 consolidated=662
2026-04-10T13:09:29.560622Z DEBUG konveyor: semver_analyzer_ts::konveyor: Generated dependency update rules count=13 packages=@patternfly/react-icons, @patternfly/react-code-editor, @patternfly/react-table, @patternfly/react-styles, @patternfly/react-templates, @patternfly/react-tokens, @patternfly/react-core, @patternfly/react-charts, @patternfly/react-drag-drop, eslint-plugin-patternfly-react, @patternfly/react-integration, @patternfly/react-docs, @patternfly/patternfly
2026-04-10T13:09:30.120806Z  INFO konveyor: semver_analyzer: konveyor generation complete rule_count=950 auto_fixable=660 needs_review=0 manual_only=290
