2026-04-15T22:13:22.739408Z  INFO konveyor: semver_analyzer_konveyor_core: Loaded rename patterns count=0 path=/Users/jmatthews/synced/semver-analyzer/hack/integration/patternfly-token-mappings.yaml
2026-04-15T22:13:22.739474Z  INFO konveyor: semver_analyzer_konveyor_core: Loaded token mappings count=226
2026-04-15T22:13:22.739488Z  INFO konveyor: semver_analyzer_konveyor_core: Loaded CSS variable renames count=226
2026-04-15T22:13:22.739511Z  INFO konveyor: semver_analyzer: loading report from file path=/tmp/semver-pipeline-v2/analysis/patternfly-report.json
2026-04-15T22:13:23.230787Z DEBUG konveyor: semver_analyzer_ts::konveyor: Package info cache built entries=["react-docs: @patternfly/react-docs (7.4.1)", "react-drag-drop: @patternfly/react-drag-drop (6.4.1)", "react-table: @patternfly/react-table (6.4.1)", "react-core: @patternfly/react-core (6.4.1)", "react-templates: @patternfly/react-templates (6.4.1)", "eslint-plugin-patternfly-react: eslint-plugin-patternfly-react (6.4.0)", "react-charts: @patternfly/react-charts (8.4.1)", "react-code-editor: @patternfly/react-code-editor (6.4.1)", "react-integration: @patternfly/react-integration (6.0.0-prerelease.40)", "react-styles: @patternfly/react-styles (6.4.0)", "transformer-cjs-imports: transformer-cjs-imports (4.79.4-prerelease.2)", "react-icons: @patternfly/react-icons (6.4.0)", "react-tokens: @patternfly/react-tokens (6.4.0)", "transformer-react-styles-esm-imports: transformer-react-styles-esm-imports (1.0.1-prerelease.4)"]
2026-04-15T22:13:23.505187Z  INFO konveyor: semver_analyzer: token member analysis covered=4922 renames=1083
2026-04-15T22:13:23.513373Z DEBUG konveyor: semver_analyzer_ts::konveyor: P0-C coverage computed components=90 covered_props=244
2026-04-15T22:13:23.518200Z DEBUG konveyor: semver_analyzer_ts::konveyor: Collapsed constant rules into single rule count=29 change_type=removed strategy=ConstantGroup package=@patternfly/react-core rule_id=semver-patternfly-react-core-constant-removed-constantgroup-combined
2026-04-15T22:13:23.518328Z DEBUG konveyor: semver_analyzer_ts::konveyor: Collapsed constant rules into single rule count=13 change_type=type-changed strategy=ConstantGroup package=@patternfly/react-core rule_id=semver-patternfly-react-core-constant-type-changed-constantgroup-combined
2026-04-15T22:13:23.519450Z DEBUG konveyor: semver_analyzer_ts::konveyor: Collapsed constant rules into single rule count=1747 change_type=type-changed strategy=ConstantGroup package=@patternfly/react-icons rule_id=semver-patternfly-react-icons-constant-type-changed-constantgroup-combined
2026-04-15T22:13:23.539346Z DEBUG konveyor: semver_analyzer_ts::konveyor: Built per-token Rename mappings for constantgroup mappings=3960 symbols=3960
2026-04-15T22:13:23.539409Z DEBUG konveyor: semver_analyzer_ts::konveyor: Collapsed constant rules into single rule count=3960 change_type=renamed strategy=CssVariablePrefix package=@patternfly/react-tokens rule_id=semver-patternfly-react-tokens-constant-renamed-cssvariableprefix-combined
2026-04-15T22:13:23.545751Z DEBUG konveyor: semver_analyzer_ts::konveyor: Collapsed constant rules into single rule count=2021 change_type=type-changed strategy=CssVariablePrefix package=@patternfly/react-tokens rule_id=semver-patternfly-react-tokens-constant-type-changed-cssvariableprefix-combined
2026-04-15T22:13:23.549062Z DEBUG konveyor: semver_analyzer_ts::konveyor: Excluded constants with token_mappings from collapsed group (will get individual Rename rules) excluded=344 remaining=6682 package=@patternfly/react-tokens
2026-04-15T22:13:23.554290Z DEBUG konveyor: semver_analyzer_ts::konveyor: Collapsed constant rules into single rule count=7026 change_type=removed strategy=CssVariablePrefix package=@patternfly/react-tokens rule_id=semver-patternfly-react-tokens-constant-removed-cssvariableprefix-combined
2026-04-15T22:13:25.043999Z  INFO konveyor: semver_analyzer_ts::konveyor: Generating CSS variable rename rules from explicit mappings count=226
2026-04-15T22:13:25.045308Z DEBUG konveyor: semver_analyzer_ts::konveyor: Generating combined CSS logical property rule suffix_rename_count=24
2026-04-15T22:13:25.045391Z DEBUG konveyor: semver_analyzer_ts::konveyor: Skipping optional new-sibling rule (no absorbed props, not composition-required) new_component=FileUploadHelperText parent=FileUpload
2026-04-15T22:13:25.045409Z DEBUG konveyor: semver_analyzer_ts::konveyor: Skipping optional new-sibling rule (no absorbed props, not composition-required) new_component=FormGroupLabelHelp parent=FormGroup
2026-04-15T22:13:25.045430Z DEBUG konveyor: semver_analyzer_ts::konveyor: Detected new sibling from packages data new_component=MastheadLogo parent=MastheadBrand
2026-04-15T22:13:25.045444Z DEBUG konveyor: semver_analyzer_ts::konveyor: Skipping optional new-sibling rule (no absorbed props, not composition-required) new_component=PageBody parent=Page
2026-04-15T22:13:25.051940Z  INFO konveyor: semver_analyzer: rule consolidation raw=928 consolidated=646
2026-04-15T22:13:25.064470Z DEBUG konveyor: semver_analyzer_ts::konveyor: Generated dependency update rules count=13 packages=@patternfly/react-code-editor, @patternfly/react-docs, @patternfly/react-charts, @patternfly/react-table, @patternfly/react-integration, @patternfly/react-tokens, @patternfly/react-styles, @patternfly/react-icons, @patternfly/react-core, @patternfly/patternfly, @patternfly/react-drag-drop, eslint-plugin-patternfly-react, @patternfly/react-templates
2026-04-15T22:13:25.348556Z  INFO konveyor: semver_analyzer: suppressed v1 rules covered by v2 SD prop→child/composition rules suppressed=1
2026-04-15T22:13:25.378926Z  INFO konveyor: semver_analyzer: generated family-level strategies count=42
2026-04-15T22:13:25.808751Z  INFO konveyor: semver_analyzer: konveyor generation complete rule_count=1008 auto_fixable=716 needs_review=0 manual_only=292
